<?xml version="1.0" encoding="UTF-8"?>
<!-- Generated by org.testng.reporters.JUnitXMLReporter -->
<testsuite ignored="0" hostname="DESKTOP-D7544CL" failures="0" tests="3" name="Test" time="4.12" errors="0" timestamp="2023-05-29T02:49:01 EDT">
  <testcase classname="com.api.test.verifyPostTest" name="verifyPostMethod" time="3.605"/>
  <testcase classname="com.api.test.verifyGetTest" name="verifyGetMethod" time="0.24"/>
  <testcase classname="com.api.test.verifyPutTest" name="verifyPutMethod" time="0.177"/>
</testsuite> <!-- Test -->
